[2026-05-12 22:32:59 +0800] [2373] [INFO] Starting gunicorn 26.0.0
[2026-05-12 22:32:59 +0800] [2373] [INFO] Listening at: http://0.0.0.0:5000 (2373)
[2026-05-12 22:32:59 +0800] [2373] [INFO] Using worker: sync
[2026-05-12 22:32:59 +0800] [2375] [INFO] Booting worker with pid: 2375
[2026-05-12 22:32:59 +0800] [2376] [INFO] Booting worker with pid: 2376
[2026-05-12 22:32:59 +0800] [2377] [INFO] Booting worker with pid: 2377
[2026-05-12 22:32:59 +0800] [2378] [INFO] Booting worker with pid: 2378
[2026-05-12 22:32:59 +0800] [2373] [INFO] Control socket listening at /home/sandbox/.gunicorn/gunicorn.ctl
[2026-05-12 22:46:56 +0800] [2373] [INFO] Handling signal: term
[2026-05-12 22:46:56 +0800] [2376] [INFO] Worker exiting (pid: 2376)
[2026-05-12 22:46:56 +0800] [2378] [INFO] Worker exiting (pid: 2378)
[2026-05-12 22:46:56 +0800] [2375] [INFO] Worker exiting (pid: 2375)
[2026-05-12 22:46:56 +0800] [2377] [INFO] Worker exiting (pid: 2377)
[2026-05-12 22:46:56 +0800] [2373] [INFO] Shutting down: Master
[2026-05-12 22:46:59 +0800] [2430] [INFO] Starting gunicorn 26.0.0
[2026-05-12 22:46:59 +0800] [2430] [INFO] Listening at: http://0.0.0.0:5000 (2430)
[2026-05-12 22:46:59 +0800] [2430] [INFO] Using worker: sync
[2026-05-12 22:46:59 +0800] [2432] [INFO] Booting worker with pid: 2432
[2026-05-12 22:46:59 +0800] [2433] [INFO] Booting worker with pid: 2433
[2026-05-12 22:46:59 +0800] [2434] [INFO] Booting worker with pid: 2434
[2026-05-12 22:46:59 +0800] [2435] [INFO] Booting worker with pid: 2435
[2026-05-12 22:46:59 +0800] [2430] [INFO] Control socket listening at /home/sandbox/.gunicorn/gunicorn.ctl
[2026-05-13 00:51:52 +0800] [2430] [INFO] Handling signal: term
[2026-05-13 00:51:52 +0800] [2433] [INFO] Worker exiting (pid: 2433)
[2026-05-13 00:51:52 +0800] [2435] [INFO] Worker exiting (pid: 2435)
[2026-05-13 00:51:52 +0800] [2432] [INFO] Worker exiting (pid: 2432)
[2026-05-13 00:51:52 +0800] [2434] [INFO] Worker exiting (pid: 2434)
[2026-05-13 00:51:52 +0800] [2430] [INFO] Shutting down: Master
[2026-05-13 00:52:13 +0800] [3024] [INFO] Starting gunicorn 26.0.0
[2026-05-13 00:52:13 +0800] [3024] [INFO] Listening at: http://0.0.0.0:5000 (3024)
[2026-05-13 00:52:13 +0800] [3024] [INFO] Using worker: sync
[2026-05-13 00:52:13 +0800] [3026] [INFO] Booting worker with pid: 3026
[2026-05-13 00:52:13 +0800] [3027] [INFO] Booting worker with pid: 3027
[2026-05-13 00:52:13 +0800] [3028] [INFO] Booting worker with pid: 3028
[2026-05-13 00:52:13 +0800] [3029] [INFO] Booting worker with pid: 3029
[2026-05-13 00:52:13 +0800] [3024] [INFO] Control socket listening at /home/sandbox/.gunicorn/gunicorn.ctl
[2026-05-13 01:04:38 +0800] [3024] [INFO] Handling signal: term
[2026-05-13 01:04:38 +0800] [3027] [INFO] Worker exiting (pid: 3027)
[2026-05-13 01:04:38 +0800] [3028] [INFO] Worker exiting (pid: 3028)
[2026-05-13 01:04:38 +0800] [3029] [INFO] Worker exiting (pid: 3029)
[2026-05-13 01:04:38 +0800] [3026] [INFO] Worker exiting (pid: 3026)
[2026-05-13 01:04:39 +0800] [3024] [INFO] Shutting down: Master
[2026-05-13 04:26:44 +0800] [4540] [INFO] Starting gunicorn 26.0.0
[2026-05-13 04:26:44 +0800] [4540] [INFO] Listening at: http://0.0.0.0:5000 (4540)
[2026-05-13 04:26:44 +0800] [4540] [INFO] Using worker: sync
[2026-05-13 04:26:44 +0800] [4542] [INFO] Booting worker with pid: 4542
[2026-05-13 04:26:44 +0800] [4543] [INFO] Booting worker with pid: 4543
[2026-05-13 04:26:44 +0800] [4544] [INFO] Booting worker with pid: 4544
[2026-05-13 04:26:44 +0800] [4545] [INFO] Booting worker with pid: 4545
[2026-05-13 04:26:44 +0800] [4540] [INFO] Control socket listening at /home/sandbox/.gunicorn/gunicorn.ctl
